d:\курсовая_2курс\курсовая_2курс\x64\debug\vc143.pdb
d:\курсовая_2курс\курсовая_2курс\x64\debug\.netframework,version=v4.7.2.assemblyattributes.obj
d:\курсовая_2курс\курсовая_2курс\x64\debug\myform3.obj
d:\курсовая_2курс\курсовая_2курс\x64\debug\myform2.obj
d:\курсовая_2курс\курсовая_2курс\x64\debug\myform1.obj
d:\курсовая_2курс\курсовая_2курс\x64\debug\myform.obj
d:\курсовая_2курс\x64\debug\stdole.dll
d:\курсовая_2курс\x64\debug\microsoft.visualstudio.interop.dll
d:\курсовая_2курс\x64\debug\microsoft.visualstudio.imaging.interop.14.0.designtime.dll
d:\курсовая_2курс\курсовая_2курс\x64\debug\курсовая_2курс.tlog\metagen.write.1.tlog
d:\курсовая_2курс\x64\debug\курсовая_2курс.exe
d:\курсовая_2курс\курсовая_2курс\x64\debug\курсовая_2курс.vcxproj.assemblyreference.cache
d:\курсовая_2курс\курсовая_2курс\x64\debug\курсовая_2курс.vcxproj.generateresource.cache
d:\курсовая_2курс\курсовая_2курс\x64\debug\курсовая_2курс.vcxproj.resolvecomreference.cache
d:\курсовая_2курс\курсовая_2курс\x64\debug\курсовая_2курс.vcxproj.suggestedbindingredirects.cache
d:\курсовая_2курс\курсовая_2курс\x64\debug\курсовая2курс.myform.resources
d:\курсовая_2курс\курсовая_2курс\x64\debug\курсовая2курс.myform1.resources
d:\курсовая_2курс\курсовая_2курс\x64\debug\курсовая2курс.myform2.resources
d:\курсовая_2курс\курсовая_2курс\x64\debug\курсовая2курс.myform3.resources
d:\курсовая_2курс\x64\debug\курсовая_2курс.pdb
d:\курсовая_2курс\курсовая_2курс\x64\debug\курсовая_2курс.tlog\cl.command.1.tlog
d:\курсовая_2курс\курсовая_2курс\x64\debug\курсовая_2курс.tlog\cl.read.1.tlog
d:\курсовая_2курс\курсовая_2курс\x64\debug\курсовая_2курс.tlog\cl.write.1.tlog
d:\курсовая_2курс\курсовая_2курс\x64\debug\курсовая_2курс.tlog\copylocal.read.1u.tlog
d:\курсовая_2курс\курсовая_2курс\x64\debug\курсовая_2курс.tlog\copylocal.write.1u.tlog
d:\курсовая_2курс\курсовая_2курс\x64\debug\курсовая_2курс.tlog\link.10052-cvtres.read.1.tlog
d:\курсовая_2курс\курсовая_2курс\x64\debug\курсовая_2курс.tlog\link.10052-cvtres.write.1.tlog
d:\курсовая_2курс\курсовая_2курс\x64\debug\курсовая_2курс.tlog\link.10052-rc.read.1.tlog
d:\курсовая_2курс\курсовая_2курс\x64\debug\курсовая_2курс.tlog\link.10052-rc.write.1.tlog
d:\курсовая_2курс\курсовая_2курс\x64\debug\курсовая_2курс.tlog\link.10052.read.1.tlog
d:\курсовая_2курс\курсовая_2курс\x64\debug\курсовая_2курс.tlog\link.10052.read.2.tlog
d:\курсовая_2курс\курсовая_2курс\x64\debug\курсовая_2курс.tlog\link.10052.write.1.tlog
d:\курсовая_2курс\курсовая_2курс\x64\debug\курсовая_2курс.tlog\link.10764-cvtres.read.1.tlog
d:\курсовая_2курс\курсовая_2курс\x64\debug\курсовая_2курс.tlog\link.10764-cvtres.write.1.tlog
d:\курсовая_2курс\курсовая_2курс\x64\debug\курсовая_2курс.tlog\link.10764-rc.read.1.tlog
d:\курсовая_2курс\курсовая_2курс\x64\debug\курсовая_2курс.tlog\link.10764-rc.write.1.tlog
d:\курсовая_2курс\курсовая_2курс\x64\debug\курсовая_2курс.tlog\link.10764.read.1.tlog
d:\курсовая_2курс\курсовая_2курс\x64\debug\курсовая_2курс.tlog\link.10764.read.3.tlog
d:\курсовая_2курс\курсовая_2курс\x64\debug\курсовая_2курс.tlog\link.10764.write.1.tlog
d:\курсовая_2курс\курсовая_2курс\x64\debug\курсовая_2курс.tlog\link.11516-cvtres.read.1.tlog
d:\курсовая_2курс\курсовая_2курс\x64\debug\курсовая_2курс.tlog\link.11516-cvtres.write.1.tlog
d:\курсовая_2курс\курсовая_2курс\x64\debug\курсовая_2курс.tlog\link.11516-rc.read.1.tlog
d:\курсовая_2курс\курсовая_2курс\x64\debug\курсовая_2курс.tlog\link.11516-rc.write.1.tlog
d:\курсовая_2курс\курсовая_2курс\x64\debug\курсовая_2курс.tlog\link.11516.read.1.tlog
d:\курсовая_2курс\курсовая_2курс\x64\debug\курсовая_2курс.tlog\link.11516.read.2.tlog
d:\курсовая_2курс\курсовая_2курс\x64\debug\курсовая_2курс.tlog\link.11516.write.1.tlog
d:\курсовая_2курс\курсовая_2курс\x64\debug\курсовая_2курс.tlog\link.20796-cvtres.read.1.tlog
d:\курсовая_2курс\курсовая_2курс\x64\debug\курсовая_2курс.tlog\link.20796-cvtres.write.1.tlog
d:\курсовая_2курс\курсовая_2курс\x64\debug\курсовая_2курс.tlog\link.20796-rc.read.1.tlog
d:\курсовая_2курс\курсовая_2курс\x64\debug\курсовая_2курс.tlog\link.20796-rc.write.1.tlog
d:\курсовая_2курс\курсовая_2курс\x64\debug\курсовая_2курс.tlog\link.20796.read.1.tlog
d:\курсовая_2курс\курсовая_2курс\x64\debug\курсовая_2курс.tlog\link.20796.read.3.tlog
d:\курсовая_2курс\курсовая_2курс\x64\debug\курсовая_2курс.tlog\link.20796.write.1.tlog
d:\курсовая_2курс\курсовая_2курс\x64\debug\курсовая_2курс.tlog\link.25056-cvtres.read.1.tlog
d:\курсовая_2курс\курсовая_2курс\x64\debug\курсовая_2курс.tlog\link.25056-cvtres.write.1.tlog
d:\курсовая_2курс\курсовая_2курс\x64\debug\курсовая_2курс.tlog\link.25056-rc.read.1.tlog
d:\курсовая_2курс\курсовая_2курс\x64\debug\курсовая_2курс.tlog\link.25056-rc.write.1.tlog
d:\курсовая_2курс\курсовая_2курс\x64\debug\курсовая_2курс.tlog\link.25056.read.1.tlog
d:\курсовая_2курс\курсовая_2курс\x64\debug\курсовая_2курс.tlog\link.25056.read.2.tlog
d:\курсовая_2курс\курсовая_2курс\x64\debug\курсовая_2курс.tlog\link.25056.write.1.tlog
d:\курсовая_2курс\курсовая_2курс\x64\debug\курсовая_2курс.tlog\link.28020-cvtres.read.1.tlog
d:\курсовая_2курс\курсовая_2курс\x64\debug\курсовая_2курс.tlog\link.28020-cvtres.write.1.tlog
d:\курсовая_2курс\курсовая_2курс\x64\debug\курсовая_2курс.tlog\link.28020-rc.read.1.tlog
d:\курсовая_2курс\курсовая_2курс\x64\debug\курсовая_2курс.tlog\link.28020-rc.write.1.tlog
d:\курсовая_2курс\курсовая_2курс\x64\debug\курсовая_2курс.tlog\link.28020.read.1.tlog
d:\курсовая_2курс\курсовая_2курс\x64\debug\курсовая_2курс.tlog\link.28020.read.2.tlog
d:\курсовая_2курс\курсовая_2курс\x64\debug\курсовая_2курс.tlog\link.28020.write.1.tlog
d:\курсовая_2курс\курсовая_2курс\x64\debug\курсовая_2курс.tlog\link.command.1.tlog
d:\курсовая_2курс\курсовая_2курс\x64\debug\курсовая_2курс.tlog\link.read.1.tlog
d:\курсовая_2курс\курсовая_2курс\x64\debug\курсовая_2курс.tlog\link.read.2.tlog
d:\курсовая_2курс\курсовая_2курс\x64\debug\курсовая_2курс.tlog\link.read.3.tlog
d:\курсовая_2курс\курсовая_2курс\x64\debug\курсовая_2курс.tlog\link.write.1.tlog
d:\курсовая_2курс\курсовая_2курс\x64\debug\курсовая_2курс.tlog\metagen.read.1.tlog
d:\курсовая_2курс\курсовая_2курс\x64\debug\курсовая_2курс.tlog\resgen.command.1.tlog
d:\курсовая_2курс\курсовая_2курс\x64\debug\курсовая_2курс.tlog\resgen.read.1.tlog
d:\курсовая_2курс\курсовая_2курс\x64\debug\курсовая_2курс.tlog\resgen.write.1.tlog
d:\курсовая_2курс\курсовая_2курс\x64\debug\курсовая_2курс.tlog\axinterop.wmplib.1.0.dll.metagen
d:\курсовая_2курс\курсовая_2курс\x64\debug\курсовая_2курс.tlog\interop.wmplib.1.0.dll.metagen
